INFO - 2022-07-21 20:19:31,023 - OCR_TABLES - INICIANDO FLUXO DE EXTRAÇÃO DE TABELAS
INFO - 2022-07-21 20:19:31,024 - OCR_TABLES - INICIANDO PROCESSO DE OBTENÇÃO DO ARQUIVO
INFO - 2022-07-21 20:19:31,026 - OCR_TABLES - INICIANDO PROCESSO DE OBTENÇÃO DO ARQUIVO - BYTES
INFO - 2022-07-21 20:19:31,028 - OCR_TABLES - BASE64 DECODIFICADA COM SUCESSO
INFO - 2022-07-21 20:19:31,180 - OCR_TABLES - BASE64 - EXTENSÃO: .png
INFO - 2022-07-21 20:19:31,183 - OCR_TABLES - ARQUIVO SALVO EM: C:\Users\Emerson\AppData\Local\Temp\tmpkk807x8w.png
INFO - 2022-07-21 20:19:37,836 - OCR_TABLES - IMAGEM LIDA COM SUCESSO
INFO - 2022-07-21 20:19:38,426 - OCR_TABLES - OCR TABLES - INICIANDO O PRÉ PROCESSAMENTO DA IMAGEM - 21/07/2022 20:19:38
INFO - 2022-07-21 20:19:38,779 - OCR_TABLES - OCR TABLES - TÉCNICA DE DESFOQUE GAUSSIANO APLICADO COM SUCESSO - 21/07/2022 20:19:38
INFO - 2022-07-21 20:19:39,418 - OCR_TABLES - OCR TABLES - TÉCNICA DE LIMIAR ADAPTATIVO APLICADO COM SUCESSO - 21/07/2022 20:19:39
INFO - 2022-07-21 20:19:39,419 - OCR_TABLES - OCR TABLES - TÉCNICA DE TRANSFORMAÇÕES MORFOLÓGICAS - 21/07/2022 20:19:39
INFO - 2022-07-21 20:19:39,812 - OCR_TABLES - OCR TABLES - BUSCANDO O DOCUMENTO NA IMAGEM - 21/07/2022 20:19:39
INFO - 2022-07-21 20:19:40,490 - OCR_TABLES - OCR TABLES - CROPPANDO O DOCUMENTO NA IMAGEM - 21/07/2022 20:19:40
INFO - 2022-07-21 20:19:42,372 - OCR_TABLES - SALVANDO TABELAS EM: C:\Users\Emerson\AppData\Local\Temp\tmpkk807x8w
INFO - 2022-07-21 20:24:08,103 - OCR_TABLES - INICIANDO FLUXO DE EXTRAÇÃO DE TABELAS
INFO - 2022-07-21 20:24:08,104 - OCR_TABLES - INICIANDO PROCESSO DE OBTENÇÃO DO ARQUIVO
INFO - 2022-07-21 20:24:08,106 - OCR_TABLES - INICIANDO PROCESSO DE OBTENÇÃO DO ARQUIVO - BYTES
INFO - 2022-07-21 20:24:08,108 - OCR_TABLES - BASE64 DECODIFICADA COM SUCESSO
INFO - 2022-07-21 20:24:08,113 - OCR_TABLES - BASE64 - EXTENSÃO: .png
INFO - 2022-07-21 20:24:08,116 - OCR_TABLES - ARQUIVO SALVO EM: C:\Users\Emerson\AppData\Local\Temp\tmpbbyg5blw.png
INFO - 2022-07-21 20:24:14,910 - OCR_TABLES - IMAGEM LIDA COM SUCESSO
INFO - 2022-07-21 20:24:14,912 - OCR_TABLES - OCR TABLES - INICIANDO O PRÉ PROCESSAMENTO DA IMAGEM - 21/07/2022 20:24:14
INFO - 2022-07-21 20:24:14,915 - OCR_TABLES - OCR TABLES - TÉCNICA DE DESFOQUE GAUSSIANO APLICADO COM SUCESSO - 21/07/2022 20:24:14
INFO - 2022-07-21 20:24:14,919 - OCR_TABLES - OCR TABLES - TÉCNICA DE LIMIAR ADAPTATIVO APLICADO COM SUCESSO - 21/07/2022 20:24:14
INFO - 2022-07-21 20:24:14,921 - OCR_TABLES - OCR TABLES - TÉCNICA DE TRANSFORMAÇÕES MORFOLÓGICAS - 21/07/2022 20:24:14
INFO - 2022-07-21 20:24:14,938 - OCR_TABLES - OCR TABLES - BUSCANDO O DOCUMENTO NA IMAGEM - 21/07/2022 20:24:14
INFO - 2022-07-21 20:24:14,942 - OCR_TABLES - OCR TABLES - CROPPANDO O DOCUMENTO NA IMAGEM - 21/07/2022 20:24:14
INFO - 2022-07-21 20:24:14,945 - OCR_TABLES - SALVANDO TABELAS EM: C:\Users\Emerson\AppData\Local\Temp\tmpbbyg5blw
INFO - 2022-07-21 20:24:17,242 - OCR_TABLES - TABELA - table_0.png SALVA COM SUCESSO - C:\Users\Emerson\AppData\Local\Temp\tmpbbyg5blw\table_0.png
INFO - 2022-07-21 20:24:22,242 - OCR_TABLES - TABELA - table_1.png SALVA COM SUCESSO - C:\Users\Emerson\AppData\Local\Temp\tmpbbyg5blw\table_1.png
INFO - 2022-07-21 20:32:50,023 - OCR_TABLES - INICIANDO FLUXO DE EXTRAÇÃO DE TABELAS
INFO - 2022-07-21 20:32:50,024 - OCR_TABLES - INICIANDO PROCESSO DE OBTENÇÃO DO ARQUIVO
INFO - 2022-07-21 20:32:50,026 - OCR_TABLES - INICIANDO PROCESSO DE OBTENÇÃO DO ARQUIVO - BYTES
INFO - 2022-07-21 20:32:50,028 - OCR_TABLES - BASE64 DECODIFICADA COM SUCESSO
INFO - 2022-07-21 20:32:50,032 - OCR_TABLES - BASE64 - EXTENSÃO: .png
INFO - 2022-07-21 20:32:50,035 - OCR_TABLES - ARQUIVO SALVO EM: C:\Users\Emerson\AppData\Local\Temp\tmpo8jmqsf1.png
INFO - 2022-07-21 20:32:50,075 - OCR_TABLES - IMAGEM LIDA COM SUCESSO
INFO - 2022-07-21 20:32:50,075 - OCR_TABLES - OCR TABLES - INICIANDO O PRÉ PROCESSAMENTO DA IMAGEM - 21/07/2022 20:32:50
INFO - 2022-07-21 20:32:50,077 - OCR_TABLES - OCR TABLES - TÉCNICA DE DESFOQUE GAUSSIANO APLICADO COM SUCESSO - 21/07/2022 20:32:50
INFO - 2022-07-21 20:32:50,079 - OCR_TABLES - OCR TABLES - TÉCNICA DE LIMIAR ADAPTATIVO APLICADO COM SUCESSO - 21/07/2022 20:32:50
INFO - 2022-07-21 20:32:50,080 - OCR_TABLES - OCR TABLES - TÉCNICA DE TRANSFORMAÇÕES MORFOLÓGICAS - 21/07/2022 20:32:50
INFO - 2022-07-21 20:32:50,095 - OCR_TABLES - OCR TABLES - BUSCANDO O DOCUMENTO NA IMAGEM - 21/07/2022 20:32:50
INFO - 2022-07-21 20:32:50,097 - OCR_TABLES - OCR TABLES - CROPPANDO O DOCUMENTO NA IMAGEM - 21/07/2022 20:32:50
INFO - 2022-07-21 20:32:50,098 - OCR_TABLES - SALVANDO TABELAS EM: C:\Users\Emerson\AppData\Local\Temp\tmpo8jmqsf1
INFO - 2022-07-21 20:32:52,449 - OCR_TABLES - TABELA - table_0.png SALVA COM SUCESSO - C:\Users\Emerson\AppData\Local\Temp\tmpo8jmqsf1\table_0.png
INFO - 2022-07-21 20:32:54,771 - OCR_TABLES - TABELA - table_1.png SALVA COM SUCESSO - C:\Users\Emerson\AppData\Local\Temp\tmpo8jmqsf1\table_1.png
